# JRE version: OpenJDK Runtime Environment (21.0.6) (build 21.0.6+-13355223-b631.42)
# Java VM: OpenJDK 64-Bit Server VM (21.0.6+-13355223-b631.42, mixed mode, tiered, compressed oops, compressed class ptrs, g1 gc, windows-amd64)
GC Precious Log:
 CardTable entry size: 512
 Card Set container configuration: InlinePtr #cards 5 size 8 Array Of Cards #cards 12 size 40 Howl #buckets 4 coarsen threshold 1843 Howl Bitmap #cards 512 size 80 coarsen threshold 460 Card regions per heap region 1 cards per card region 2048
 CPUs: 8 total, 8 available
 Memory: 14252M
 Large Page Support: Disabled
 NUMA Support: Disabled
 Compressed Oops: Enabled (32-bit)
 Heap Region Size: 1M
 Heap Min Capacity: 8M
 Heap Initial Capacity: 224M
 Heap Max Capacity: 2G
 Pre-touch: Disabled
 Parallel Workers: 8
 Concurrent Workers: 2
 Concurrent Refinement Workers: 8
 Periodic GC: Disabled
Heap:
 garbage-first heap   total 135168K, used 102211K [0x0000000080000000, 0x0000000100000000)
  region size 1024K, 27 young (27648K), 3 survivors (3072K)
 Metaspace       used 66392K, committed 68096K, reserved 1114112K
  class space    used 8970K, committed 9792K, reserved 1048576K
GC Heap History (20 events):
Event: 18.036 GC heap before
{Heap before GC invocations=10 (full 0):
 garbage-first heap   total 83968K, used 72598K [0x0000000080000000, 0x0000000100000000)
  region size 1024K, 30 young (30720K), 3 survivors (3072K)
 Metaspace       used 42383K, committed 43648K, reserved 1114112K
  class space    used 5870K, committed 6528K, reserved 1048576K
}
Event: 18.040 GC heap after
{Heap after GC invocations=11 (full 0):
 garbage-first heap   total 83968K, used 46360K [0x0000000080000000, 0x0000000100000000)
  region size 1024K, 4 young (4096K), 4 survivors (4096K)
 Metaspace       used 42383K, committed 43648K, reserved 1114112K
  class space    used 5870K, committed 6528K, reserved 1048576K
}
Event: 18.692 GC heap before
{Heap before GC invocations=11 (full 0):
 garbage-first heap   total 83968K, used 72984K [0x0000000080000000, 0x0000000100000000)
  region size 1024K, 31 young (31744K), 4 survivors (4096K)
 Metaspace       used 48281K, committed 49600K, reserved 1114112K
  class space    used 6584K, committed 7232K, reserved 1048576K
}
Event: 18.697 GC heap after
{Heap after GC invocations=12 (full 0):
 garbage-first heap   total 83968K, used 49511K [0x0000000080000000, 0x0000000100000000)
  region size 1024K, 4 young (4096K), 4 survivors (4096K)
 Metaspace       used 48281K, committed 49600K, reserved 1114112K
  class space    used 6584K, committed 7232K, reserved 1048576K
}
Event: 18.927 GC heap before
{Heap before GC invocations=13 (full 0):
 garbage-first heap   total 83968K, used 74087K [0x0000000080000000, 0x0000000100000000)
  region size 1024K, 28 young (28672K), 4 survivors (4096K)
 Metaspace       used 49231K, committed 50560K, reserved 1114112K
  class space    used 6657K, committed 7296K, reserved 1048576K
}
Event: 18.932 GC heap after
{Heap after GC invocations=14 (full 0):
 garbage-first heap   total 83968K, used 52049K [0x0000000080000000, 0x0000000100000000)
  region size 1024K, 3 young (3072K), 3 survivors (3072K)
 Metaspace       used 49231K, committed 50560K, reserved 1114112K
  class space    used 6657K, committed 7296K, reserved 1048576K
}
Event: 19.472 GC heap before
{Heap before GC invocations=14 (full 0):
 garbage-first heap   total 83968K, used 78673K [0x0000000080000000, 0x0000000100000000)
  region size 1024K, 25 young (25600K), 3 survivors (3072K)
 Metaspace       used 52352K, committed 53760K, reserved 1114112K
  class space    used 7003K, committed 7680K, reserved 1048576K
}
Event: 19.477 GC heap after
{Heap after GC invocations=15 (full 0):
 garbage-first heap   total 86016K, used 53148K [0x0000000080000000, 0x0000000100000000)
  region size 1024K, 4 young (4096K), 4 survivors (4096K)
 Metaspace       used 52352K, committed 53760K, reserved 1114112K
  class space    used 7003K, committed 7680K, reserved 1048576K
}
Event: 19.906 GC heap before
{Heap before GC invocations=15 (full 0):
 garbage-first heap   total 86016K, used 75676K [0x0000000080000000, 0x0000000100000000)
  region size 1024K, 26 young (26624K), 4 survivors (4096K)
 Metaspace       used 55050K, committed 56576K, reserved 1114112K
  class space    used 7444K, committed 8192K, reserved 1048576K
}
Event: 19.911 GC heap after
{Heap after GC invocations=16 (full 0):
 garbage-first heap   total 86016K, used 54363K [0x0000000080000000, 0x0000000100000000)
  region size 1024K, 4 young (4096K), 4 survivors (4096K)
 Metaspace       used 55050K, committed 56576K, reserved 1114112K
  class space    used 7444K, committed 8192K, reserved 1048576K
}
Event: 20.492 GC heap before
{Heap before GC invocations=17 (full 0):
 garbage-first heap   total 92160K, used 76891K [0x0000000080000000, 0x0000000100000000)
  region size 1024K, 25 young (25600K), 4 survivors (4096K)
 Metaspace       used 56451K, committed 57984K, reserved 1114112K
  class space    used 7676K, committed 8448K, reserved 1048576K
}
Event: 20.497 GC heap after
{Heap after GC invocations=18 (full 0):
 garbage-first heap   total 92160K, used 60518K [0x0000000080000000, 0x0000000100000000)
  region size 1024K, 4 young (4096K), 4 survivors (4096K)
 Metaspace       used 56451K, committed 57984K, reserved 1114112K
  class space    used 7676K, committed 8448K, reserved 1048576K
}
Event: 20.898 GC heap before
{Heap before GC invocations=18 (full 0):
 garbage-first heap   total 98304K, used 92262K [0x0000000080000000, 0x0000000100000000)
  region size 1024K, 24 young (24576K), 4 survivors (4096K)
 Metaspace       used 57437K, committed 59072K, reserved 1114112K
  class space    used 7770K, committed 8576K, reserved 1048576K
}
Event: 20.906 GC heap after
{Heap after GC invocations=19 (full 0):
 garbage-first heap   total 124928K, used 77273K [0x0000000080000000, 0x0000000100000000)
  region size 1024K, 3 young (3072K), 3 survivors (3072K)
 Metaspace       used 57437K, committed 59072K, reserved 1114112K
  class space    used 7770K, committed 8576K, reserved 1048576K
}
Event: 20.907 GC heap before
{Heap before GC invocations=19 (full 0):
 garbage-first heap   total 124928K, used 77273K [0x0000000080000000, 0x0000000100000000)
  region size 1024K, 4 young (4096K), 3 survivors (3072K)
 Metaspace       used 57437K, committed 59072K, reserved 1114112K
  class space    used 7770K, committed 8576K, reserved 1048576K
}
Event: 20.910 GC heap after
{Heap after GC invocations=20 (full 0):
 garbage-first heap   total 124928K, used 77828K [0x0000000080000000, 0x0000000100000000)
  region size 1024K, 1 young (1024K), 1 survivors (1024K)
 Metaspace       used 57437K, committed 59072K, reserved 1114112K
  class space    used 7770K, committed 8576K, reserved 1048576K
}
Event: 21.119 GC heap before
{Heap before GC invocations=21 (full 0):
 garbage-first heap   total 135168K, used 105476K [0x0000000080000000, 0x0000000100000000)
  region size 1024K, 26 young (26624K), 1 survivors (1024K)
 Metaspace       used 58985K, committed 60608K, reserved 1114112K
  class space    used 7892K, committed 8704K, reserved 1048576K
}
Event: 21.122 GC heap after
{Heap after GC invocations=22 (full 0):
 garbage-first heap   total 135168K, used 77718K [0x0000000080000000, 0x0000000100000000)
  region size 1024K, 1 young (1024K), 1 survivors (1024K)
 Metaspace       used 58985K, committed 60608K, reserved 1114112K
  class space    used 7892K, committed 8704K, reserved 1048576K
}
Event: 22.717 GC heap before
{Heap before GC invocations=22 (full 0):
 garbage-first heap   total 135168K, used 111510K [0x0000000080000000, 0x0000000100000000)
  region size 1024K, 35 young (35840K), 1 survivors (1024K)
 Metaspace       used 63031K, committed 64704K, reserved 1114112K
  class space    used 8452K, committed 9280K, reserved 1048576K
}
Event: 22.722 GC heap after
{Heap after GC invocations=23 (full 0):
 garbage-first heap   total 135168K, used 78659K [0x0000000080000000, 0x0000000100000000)
  region size 1024K, 3 young (3072K), 3 survivors (3072K)
 Metaspace       used 63031K, committed 64704K, reserved 1114112K
  class space    used 8452K, committed 9280K, reserved 1048576K
}

