# JRE version: OpenJDK Runtime Environment (21.0.6) (build 21.0.6+-13355223-b631.42)
# Java VM: OpenJDK 64-Bit Server VM (21.0.6+-13355223-b631.42, mixed mode, tiered, compressed oops, compressed class ptrs, g1 gc, windows-amd64)
GC Precious Log:
 CardTable entry size: 512
 Card Set container configuration: InlinePtr #cards 5 size 8 Array Of Cards #cards 12 size 40 Howl #buckets 4 coarsen threshold 1843 Howl Bitmap #cards 512 size 80 coarsen threshold 460 Card regions per heap region 1 cards per card region 2048
 CPUs: 8 total, 8 available
 Memory: 14252M
 Large Page Support: Disabled
 NUMA Support: Disabled
 Compressed Oops: Enabled (32-bit)
 Heap Region Size: 1M
 Heap Min Capacity: 8M
 Heap Initial Capacity: 224M
 Heap Max Capacity: 2G
 Pre-touch: Disabled
 Parallel Workers: 8
 Concurrent Workers: 2
 Concurrent Refinement Workers: 8
 Periodic GC: Disabled
Heap:
 garbage-first heap   total 512000K, used 367709K [0x0000000080000000, 0x0000000100000000)
  region size 1024K, 36 young (36864K), 9 survivors (9216K)
 Metaspace       used 252896K, committed 255168K, reserved 1310720K
  class space    used 31948K, committed 33088K, reserved 1048576K
GC Heap History (20 events):
Event: 3179.211 GC heap before
{Heap before GC invocations=93 (full 0):
 garbage-first heap   total 419840K, used 360207K [0x0000000080000000, 0x0000000100000000)
  region size 1024K, 115 young (117760K), 8 survivors (8192K)
 Metaspace       used 226425K, committed 228672K, reserved 1310720K
  class space    used 29209K, committed 30336K, reserved 1048576K
}
Event: 3179.224 GC heap after
{Heap after GC invocations=94 (full 0):
 garbage-first heap   total 419840K, used 257280K [0x0000000080000000, 0x0000000100000000)
  region size 1024K, 15 young (15360K), 15 survivors (15360K)
 Metaspace       used 226425K, committed 228672K, reserved 1310720K
  class space    used 29209K, committed 30336K, reserved 1048576K
}
Event: 3184.639 GC heap before
{Heap before GC invocations=94 (full 0):
 garbage-first heap   total 419840K, used 381184K [0x0000000080000000, 0x0000000100000000)
  region size 1024K, 137 young (140288K), 15 survivors (15360K)
 Metaspace       used 240412K, committed 242624K, reserved 1310720K
  class space    used 30637K, committed 31744K, reserved 1048576K
}
Event: 3184.661 GC heap after
{Heap after GC invocations=95 (full 0):
 garbage-first heap   total 419840K, used 248948K [0x0000000080000000, 0x0000000100000000)
  region size 1024K, 18 young (18432K), 18 survivors (18432K)
 Metaspace       used 240412K, committed 242624K, reserved 1310720K
  class space    used 30637K, committed 31744K, reserved 1048576K
}
Event: 3185.028 GC heap before
{Heap before GC invocations=95 (full 0):
 garbage-first heap   total 419840K, used 303220K [0x0000000080000000, 0x0000000100000000)
  region size 1024K, 73 young (74752K), 18 survivors (18432K)
 Metaspace       used 240414K, committed 242624K, reserved 1310720K
  class space    used 30637K, committed 31744K, reserved 1048576K
}
Event: 3185.056 GC heap after
{Heap after GC invocations=96 (full 0):
 garbage-first heap   total 419840K, used 267670K [0x0000000080000000, 0x0000000100000000)
  region size 1024K, 19 young (19456K), 19 survivors (19456K)
 Metaspace       used 240414K, committed 242624K, reserved 1310720K
  class space    used 30637K, committed 31744K, reserved 1048576K
}
Event: 3185.995 GC heap before
{Heap before GC invocations=97 (full 0):
 garbage-first heap   total 449536K, used 376214K [0x0000000080000000, 0x0000000100000000)
  region size 1024K, 125 young (128000K), 19 survivors (19456K)
 Metaspace       used 241102K, committed 243328K, reserved 1310720K
  class space    used 30724K, committed 31808K, reserved 1048576K
}
Event: 3186.026 GC heap after
{Heap after GC invocations=98 (full 0):
 garbage-first heap   total 449536K, used 286614K [0x0000000080000000, 0x0000000100000000)
  region size 1024K, 16 young (16384K), 16 survivors (16384K)
 Metaspace       used 241102K, committed 243328K, reserved 1310720K
  class space    used 30724K, committed 31808K, reserved 1048576K
}
Event: 3187.072 GC heap before
{Heap before GC invocations=98 (full 0):
 garbage-first heap   total 449536K, used 401302K [0x0000000080000000, 0x0000000100000000)
  region size 1024K, 128 young (131072K), 16 survivors (16384K)
 Metaspace       used 241247K, committed 243392K, reserved 1310720K
  class space    used 30726K, committed 31808K, reserved 1048576K
}
Event: 3187.105 GC heap after
{Heap after GC invocations=99 (full 0):
 garbage-first heap   total 449536K, used 301462K [0x0000000080000000, 0x0000000100000000)
  region size 1024K, 16 young (16384K), 16 survivors (16384K)
 Metaspace       used 241247K, committed 243392K, reserved 1310720K
  class space    used 30726K, committed 31808K, reserved 1048576K
}
Event: 3187.126 GC heap before
{Heap before GC invocations=99 (full 0):
 garbage-first heap   total 449536K, used 308630K [0x0000000080000000, 0x0000000100000000)
  region size 1024K, 25 young (25600K), 16 survivors (16384K)
 Metaspace       used 241247K, committed 243392K, reserved 1310720K
  class space    used 30726K, committed 31808K, reserved 1048576K
}
Event: 3187.141 GC heap after
{Heap after GC invocations=100 (full 0):
 garbage-first heap   total 449536K, used 305195K [0x0000000080000000, 0x0000000100000000)
  region size 1024K, 5 young (5120K), 5 survivors (5120K)
 Metaspace       used 241247K, committed 243392K, reserved 1310720K
  class space    used 30726K, committed 31808K, reserved 1048576K
}
Event: 3188.078 GC heap before
{Heap before GC invocations=101 (full 0):
 garbage-first heap   total 512000K, used 391211K [0x0000000080000000, 0x0000000100000000)
  region size 1024K, 89 young (91136K), 5 survivors (5120K)
 Metaspace       used 241295K, committed 243456K, reserved 1310720K
  class space    used 30726K, committed 31808K, reserved 1048576K
}
Event: 3188.096 GC heap after
{Heap after GC invocations=102 (full 0):
 garbage-first heap   total 512000K, used 314518K [0x0000000080000000, 0x0000000100000000)
  region size 1024K, 12 young (12288K), 12 survivors (12288K)
 Metaspace       used 241295K, committed 243456K, reserved 1310720K
  class space    used 30726K, committed 31808K, reserved 1048576K
}
Event: 3189.327 GC heap before
{Heap before GC invocations=102 (full 0):
 garbage-first heap   total 512000K, used 442518K [0x0000000080000000, 0x0000000100000000)
  region size 1024K, 135 young (138240K), 12 survivors (12288K)
 Metaspace       used 243287K, committed 245440K, reserved 1310720K
  class space    used 30924K, committed 32000K, reserved 1048576K
}
Event: 3189.353 GC heap after
{Heap after GC invocations=103 (full 0):
 garbage-first heap   total 512000K, used 337777K [0x0000000080000000, 0x0000000100000000)
  region size 1024K, 17 young (17408K), 17 survivors (17408K)
 Metaspace       used 243287K, committed 245440K, reserved 1310720K
  class space    used 30924K, committed 32000K, reserved 1048576K
}
Event: 3190.798 GC heap before
{Heap before GC invocations=103 (full 0):
 garbage-first heap   total 512000K, used 448369K [0x0000000080000000, 0x0000000100000000)
  region size 1024K, 125 young (128000K), 17 survivors (17408K)
 Metaspace       used 249695K, committed 251968K, reserved 1310720K
  class space    used 31557K, committed 32640K, reserved 1048576K
}
Event: 3190.817 GC heap after
{Heap after GC invocations=104 (full 0):
 garbage-first heap   total 512000K, used 338190K [0x0000000080000000, 0x0000000100000000)
  region size 1024K, 8 young (8192K), 8 survivors (8192K)
 Metaspace       used 249695K, committed 251968K, reserved 1310720K
  class space    used 31557K, committed 32640K, reserved 1048576K
}
Event: 3191.068 GC heap before
{Heap before GC invocations=104 (full 0):
 garbage-first heap   total 512000K, used 355598K [0x0000000080000000, 0x0000000100000000)
  region size 1024K, 27 young (27648K), 8 survivors (8192K)
 Metaspace       used 251367K, committed 253632K, reserved 1310720K
  class space    used 31746K, committed 32832K, reserved 1048576K
}
Event: 3191.073 GC heap after
{Heap after GC invocations=105 (full 0):
 garbage-first heap   total 512000K, used 339037K [0x0000000080000000, 0x0000000100000000)
  region size 1024K, 9 young (9216K), 9 survivors (9216K)
 Metaspace       used 251367K, committed 253632K, reserved 1310720K
  class space    used 31746K, committed 32832K, reserved 1048576K
}

