# JRE version: OpenJDK Runtime Environment (21.0.6) (build 21.0.6+-13355223-b631.42)
# Java VM: OpenJDK 64-Bit Server VM (21.0.6+-13355223-b631.42, mixed mode, tiered, compressed oops, compressed class ptrs, g1 gc, windows-amd64)
GC Precious Log:
 CardTable entry size: 512
 Card Set container configuration: InlinePtr #cards 5 size 8 Array Of Cards #cards 12 size 40 Howl #buckets 4 coarsen threshold 1843 Howl Bitmap #cards 512 size 80 coarsen threshold 460 Card regions per heap region 1 cards per card region 2048
 CPUs: 8 total, 8 available
 Memory: 14252M
 Large Page Support: Disabled
 NUMA Support: Disabled
 Compressed Oops: Enabled (32-bit)
 Heap Region Size: 1M
 Heap Min Capacity: 8M
 Heap Initial Capacity: 224M
 Heap Max Capacity: 2G
 Pre-touch: Disabled
 Parallel Workers: 8
 Concurrent Workers: 2
 Concurrent Refinement Workers: 8
 Periodic GC: Disabled
Heap:
 garbage-first heap   total 115712K, used 92169K [0x0000000080000000, 0x0000000100000000)
  region size 1024K, 16 young (16384K), 1 survivors (1024K)
 Metaspace       used 60454K, committed 62144K, reserved 1114112K
  class space    used 8118K, committed 8960K, reserved 1048576K
GC Heap History (20 events):
Event: 4.898 GC heap before
{Heap before GC invocations=6 (full 0):
 garbage-first heap   total 83968K, used 60890K [0x0000000080000000, 0x0000000100000000)
  region size 1024K, 49 young (50176K), 12 survivors (12288K)
 Metaspace       used 34354K, committed 35200K, reserved 1114112K
  class space    used 4588K, committed 4992K, reserved 1048576K
}
Event: 4.906 GC heap after
{Heap after GC invocations=7 (full 0):
 garbage-first heap   total 83968K, used 26085K [0x0000000080000000, 0x0000000100000000)
  region size 1024K, 6 young (6144K), 6 survivors (6144K)
 Metaspace       used 34354K, committed 35200K, reserved 1114112K
  class space    used 4588K, committed 4992K, reserved 1048576K
}
Event: 5.123 GC heap before
{Heap before GC invocations=7 (full 0):
 garbage-first heap   total 83968K, used 47589K [0x0000000080000000, 0x0000000100000000)
  region size 1024K, 17 young (17408K), 6 survivors (6144K)
 Metaspace       used 35146K, committed 35968K, reserved 1114112K
  class space    used 4718K, committed 5120K, reserved 1048576K
}
Event: 5.128 GC heap after
{Heap after GC invocations=8 (full 0):
 garbage-first heap   total 83968K, used 42333K [0x0000000080000000, 0x0000000100000000)
  region size 1024K, 7 young (7168K), 7 survivors (7168K)
 Metaspace       used 35146K, committed 35968K, reserved 1114112K
  class space    used 4718K, committed 5120K, reserved 1048576K
}
Event: 5.693 GC heap before
{Heap before GC invocations=9 (full 0):
 garbage-first heap   total 83968K, used 72029K [0x0000000080000000, 0x0000000100000000)
  region size 1024K, 35 young (35840K), 7 survivors (7168K)
 Metaspace       used 38663K, committed 39680K, reserved 1114112K
  class space    used 5261K, committed 5760K, reserved 1048576K
}
Event: 5.697 GC heap after
{Heap after GC invocations=10 (full 0):
 garbage-first heap   total 83968K, used 45668K [0x0000000080000000, 0x0000000100000000)
  region size 1024K, 2 young (2048K), 2 survivors (2048K)
 Metaspace       used 38663K, committed 39680K, reserved 1114112K
  class space    used 5261K, committed 5760K, reserved 1048576K
}
Event: 6.158 GC heap before
{Heap before GC invocations=10 (full 0):
 garbage-first heap   total 83968K, used 74340K [0x0000000080000000, 0x0000000100000000)
  region size 1024K, 30 young (30720K), 2 survivors (2048K)
 Metaspace       used 42598K, committed 43840K, reserved 1114112K
  class space    used 5907K, committed 6528K, reserved 1048576K
}
Event: 6.162 GC heap after
{Heap after GC invocations=11 (full 0):
 garbage-first heap   total 83968K, used 47116K [0x0000000080000000, 0x0000000100000000)
  region size 1024K, 4 young (4096K), 4 survivors (4096K)
 Metaspace       used 42598K, committed 43840K, reserved 1114112K
  class space    used 5907K, committed 6528K, reserved 1048576K
}
Event: 6.667 GC heap before
{Heap before GC invocations=11 (full 0):
 garbage-first heap   total 83968K, used 72716K [0x0000000080000000, 0x0000000100000000)
  region size 1024K, 30 young (30720K), 4 survivors (4096K)
 Metaspace       used 48291K, committed 49664K, reserved 1114112K
  class space    used 6581K, committed 7232K, reserved 1048576K
}
Event: 6.673 GC heap after
{Heap after GC invocations=12 (full 0):
 garbage-first heap   total 83968K, used 50233K [0x0000000080000000, 0x0000000100000000)
  region size 1024K, 4 young (4096K), 4 survivors (4096K)
 Metaspace       used 48291K, committed 49664K, reserved 1114112K
  class space    used 6581K, committed 7232K, reserved 1048576K
}
Event: 6.870 GC heap before
{Heap before GC invocations=13 (full 0):
 garbage-first heap   total 86016K, used 72761K [0x0000000080000000, 0x0000000100000000)
  region size 1024K, 27 young (27648K), 4 survivors (4096K)
 Metaspace       used 49213K, committed 50496K, reserved 1114112K
  class space    used 6653K, committed 7296K, reserved 1048576K
}
Event: 6.876 GC heap after
{Heap after GC invocations=14 (full 0):
 garbage-first heap   total 86016K, used 53795K [0x0000000080000000, 0x0000000100000000)
  region size 1024K, 4 young (4096K), 4 survivors (4096K)
 Metaspace       used 49213K, committed 50496K, reserved 1114112K
  class space    used 6653K, committed 7296K, reserved 1048576K
}
Event: 7.317 GC heap before
{Heap before GC invocations=14 (full 0):
 garbage-first heap   total 86016K, used 79395K [0x0000000080000000, 0x0000000100000000)
  region size 1024K, 25 young (25600K), 4 survivors (4096K)
 Metaspace       used 52056K, committed 53440K, reserved 1114112K
  class space    used 6948K, committed 7616K, reserved 1048576K
}
Event: 7.321 GC heap after
{Heap after GC invocations=15 (full 0):
 garbage-first heap   total 104448K, used 53746K [0x0000000080000000, 0x0000000100000000)
  region size 1024K, 3 young (3072K), 3 survivors (3072K)
 Metaspace       used 52056K, committed 53440K, reserved 1114112K
  class space    used 6948K, committed 7616K, reserved 1048576K
}
Event: 8.027 GC heap before
{Heap before GC invocations=15 (full 0):
 garbage-first heap   total 104448K, used 89586K [0x0000000080000000, 0x0000000100000000)
  region size 1024K, 40 young (40960K), 3 survivors (3072K)
 Metaspace       used 56247K, committed 57856K, reserved 1114112K
  class space    used 7651K, committed 8448K, reserved 1048576K
}
Event: 8.032 GC heap after
{Heap after GC invocations=16 (full 0):
 garbage-first heap   total 104448K, used 56730K [0x0000000080000000, 0x0000000100000000)
  region size 1024K, 5 young (5120K), 5 survivors (5120K)
 Metaspace       used 56247K, committed 57856K, reserved 1114112K
  class space    used 7651K, committed 8448K, reserved 1048576K
}
Event: 8.521 GC heap before
{Heap before GC invocations=17 (full 0):
 garbage-first heap   total 104448K, used 102810K [0x0000000080000000, 0x0000000100000000)
  region size 1024K, 35 young (35840K), 5 survivors (5120K)
 Metaspace       used 58399K, committed 59968K, reserved 1114112K
  class space    used 7791K, committed 8576K, reserved 1048576K
}
Event: 8.530 GC heap after
{Heap after GC invocations=18 (full 0):
 garbage-first heap   total 115712K, used 76920K [0x0000000080000000, 0x0000000100000000)
  region size 1024K, 5 young (5120K), 5 survivors (5120K)
 Metaspace       used 58399K, committed 59968K, reserved 1114112K
  class space    used 7791K, committed 8576K, reserved 1048576K
}
Event: 8.665 GC heap before
{Heap before GC invocations=18 (full 0):
 garbage-first heap   total 115712K, used 102520K [0x0000000080000000, 0x0000000100000000)
  region size 1024K, 30 young (30720K), 5 survivors (5120K)
 Metaspace       used 58970K, committed 60608K, reserved 1114112K
  class space    used 7887K, committed 8704K, reserved 1048576K
}
Event: 8.669 GC heap after
{Heap after GC invocations=19 (full 0):
 garbage-first heap   total 115712K, used 77833K [0x0000000080000000, 0x0000000100000000)
  region size 1024K, 1 young (1024K), 1 survivors (1024K)
 Metaspace       used 58970K, committed 60608K, reserved 1114112K
  class space    used 7887K, committed 8704K, reserved 1048576K
}

