# JRE version: OpenJDK Runtime Environment (21.0.6) (build 21.0.6+-13355223-b631.42)
# Java VM: OpenJDK 64-Bit Server VM (21.0.6+-13355223-b631.42, mixed mode, tiered, compressed oops, compressed class ptrs, g1 gc, windows-amd64)
GC Precious Log:
 CardTable entry size: 512
 Card Set container configuration: InlinePtr #cards 5 size 8 Array Of Cards #cards 12 size 40 Howl #buckets 4 coarsen threshold 1843 Howl Bitmap #cards 512 size 80 coarsen threshold 460 Card regions per heap region 1 cards per card region 2048
 CPUs: 8 total, 8 available
 Memory: 14252M
 Large Page Support: Disabled
 NUMA Support: Disabled
 Compressed Oops: Enabled (32-bit)
 Heap Region Size: 1M
 Heap Min Capacity: 8M
 Heap Initial Capacity: 224M
 Heap Max Capacity: 2G
 Pre-touch: Disabled
 Parallel Workers: 8
 Concurrent Workers: 2
 Concurrent Refinement Workers: 8
 Periodic GC: Disabled
Heap:
 garbage-first heap   total 401408K, used 282298K [0x0000000080000000, 0x0000000100000000)
  region size 1024K, 23 young (23552K), 6 survivors (6144K)
 Metaspace       used 209088K, committed 212160K, reserved 1245184K
  class space    used 26314K, committed 27904K, reserved 1048576K
GC Heap History (20 events):
Event: 383.390 GC heap before
{Heap before GC invocations=73 (full 0):
 garbage-first heap   total 294912K, used 189233K [0x0000000080000000, 0x0000000100000000)
  region size 1024K, 16 young (16384K), 6 survivors (6144K)
 Metaspace       used 154614K, committed 157184K, reserved 1245184K
  class space    used 20486K, committed 21760K, reserved 1048576K
}
Event: 383.400 GC heap after
{Heap after GC invocations=74 (full 0):
 garbage-first heap   total 294912K, used 179804K [0x0000000080000000, 0x0000000100000000)
  region size 1024K, 6 young (6144K), 6 survivors (6144K)
 Metaspace       used 154614K, committed 157184K, reserved 1245184K
  class space    used 20486K, committed 21760K, reserved 1048576K
}
Event: 384.696 GC heap before
{Heap before GC invocations=75 (full 0):
 garbage-first heap   total 309248K, used 284252K [0x0000000080000000, 0x0000000100000000)
  region size 1024K, 96 young (98304K), 6 survivors (6144K)
 Metaspace       used 157526K, committed 160192K, reserved 1245184K
  class space    used 20829K, committed 22144K, reserved 1048576K
}
Event: 384.738 GC heap after
{Heap after GC invocations=76 (full 0):
 garbage-first heap   total 314368K, used 200704K [0x0000000080000000, 0x0000000100000000)
  region size 1024K, 12 young (12288K), 12 survivors (12288K)
 Metaspace       used 157526K, committed 160192K, reserved 1245184K
  class space    used 20829K, committed 22144K, reserved 1048576K
}
Event: 386.502 GC heap before
{Heap before GC invocations=76 (full 0):
 garbage-first heap   total 314368K, used 289792K [0x0000000080000000, 0x0000000100000000)
  region size 1024K, 92 young (94208K), 12 survivors (12288K)
 Metaspace       used 163451K, committed 166080K, reserved 1245184K
  class space    used 21479K, committed 22784K, reserved 1048576K
}
Event: 386.547 GC heap after
{Heap after GC invocations=77 (full 0):
 garbage-first heap   total 319488K, used 215022K [0x0000000080000000, 0x0000000100000000)
  region size 1024K, 12 young (12288K), 12 survivors (12288K)
 Metaspace       used 163451K, committed 166080K, reserved 1245184K
  class space    used 21479K, committed 22784K, reserved 1048576K
}
Event: 388.477 GC heap before
{Heap before GC invocations=77 (full 0):
 garbage-first heap   total 319488K, used 288750K [0x0000000080000000, 0x0000000100000000)
  region size 1024K, 84 young (86016K), 12 survivors (12288K)
 Metaspace       used 172770K, committed 175744K, reserved 1245184K
  class space    used 22516K, committed 24000K, reserved 1048576K
}
Event: 388.496 GC heap after
{Heap after GC invocations=78 (full 0):
 garbage-first heap   total 319488K, used 220160K [0x0000000080000000, 0x0000000100000000)
  region size 1024K, 5 young (5120K), 5 survivors (5120K)
 Metaspace       used 172770K, committed 175744K, reserved 1245184K
  class space    used 22516K, committed 24000K, reserved 1048576K
}
Event: 390.362 GC heap before
{Heap before GC invocations=79 (full 0):
 garbage-first heap   total 365568K, used 292864K [0x0000000080000000, 0x0000000100000000)
  region size 1024K, 76 young (77824K), 5 survivors (5120K)
 Metaspace       used 179816K, committed 182720K, reserved 1245184K
  class space    used 23391K, committed 24832K, reserved 1048576K
}
Event: 390.378 GC heap after
{Heap after GC invocations=80 (full 0):
 garbage-first heap   total 365568K, used 223232K [0x0000000080000000, 0x0000000100000000)
  region size 1024K, 9 young (9216K), 9 survivors (9216K)
 Metaspace       used 179816K, committed 182720K, reserved 1245184K
  class space    used 23391K, committed 24832K, reserved 1048576K
}
Event: 393.376 GC heap before
{Heap before GC invocations=80 (full 0):
 garbage-first heap   total 365568K, used 333824K [0x0000000080000000, 0x0000000100000000)
  region size 1024K, 118 young (120832K), 9 survivors (9216K)
 Metaspace       used 191063K, committed 194048K, reserved 1245184K
  class space    used 24679K, committed 26176K, reserved 1048576K
}
Event: 393.409 GC heap after
{Heap after GC invocations=81 (full 0):
 garbage-first heap   total 365568K, used 225785K [0x0000000080000000, 0x0000000100000000)
  region size 1024K, 12 young (12288K), 12 survivors (12288K)
 Metaspace       used 191063K, committed 194048K, reserved 1245184K
  class space    used 24679K, committed 26176K, reserved 1048576K
}
Event: 395.769 GC heap before
{Heap before GC invocations=81 (full 0):
 garbage-first heap   total 365568K, used 297465K [0x0000000080000000, 0x0000000100000000)
  region size 1024K, 84 young (86016K), 12 survivors (12288K)
 Metaspace       used 201147K, committed 204160K, reserved 1245184K
  class space    used 25586K, committed 27072K, reserved 1048576K
}
Event: 395.785 GC heap after
{Heap after GC invocations=82 (full 0):
 garbage-first heap   total 365568K, used 230134K [0x0000000080000000, 0x0000000100000000)
  region size 1024K, 12 young (12288K), 12 survivors (12288K)
 Metaspace       used 201147K, committed 204160K, reserved 1245184K
  class space    used 25586K, committed 27072K, reserved 1048576K
}
Event: 397.456 GC heap before
{Heap before GC invocations=83 (full 0):
 garbage-first heap   total 386048K, used 334582K [0x0000000080000000, 0x0000000100000000)
  region size 1024K, 112 young (114688K), 12 survivors (12288K)
 Metaspace       used 201481K, committed 204480K, reserved 1245184K
  class space    used 25601K, committed 27072K, reserved 1048576K
}
Event: 397.482 GC heap after
{Heap after GC invocations=84 (full 0):
 garbage-first heap   total 386048K, used 240320K [0x0000000080000000, 0x0000000100000000)
  region size 1024K, 14 young (14336K), 14 survivors (14336K)
 Metaspace       used 201481K, committed 204480K, reserved 1245184K
  class space    used 25601K, committed 27072K, reserved 1048576K
}
Event: 402.005 GC heap before
{Heap before GC invocations=84 (full 0):
 garbage-first heap   total 386048K, used 365248K [0x0000000080000000, 0x0000000100000000)
  region size 1024K, 122 young (124928K), 14 survivors (14336K)
 Metaspace       used 209088K, committed 212160K, reserved 1245184K
  class space    used 26314K, committed 27904K, reserved 1048576K
}
Event: 402.041 GC heap after
{Heap after GC invocations=85 (full 0):
 garbage-first heap   total 401408K, used 261279K [0x0000000080000000, 0x0000000100000000)
  region size 1024K, 16 young (16384K), 16 survivors (16384K)
 Metaspace       used 209088K, committed 212160K, reserved 1245184K
  class space    used 26314K, committed 27904K, reserved 1048576K
}
Event: 404.051 GC heap before
{Heap before GC invocations=85 (full 0):
 garbage-first heap   total 401408K, used 361631K [0x0000000080000000, 0x0000000100000000)
  region size 1024K, 115 young (117760K), 16 survivors (16384K)
 Metaspace       used 209088K, committed 212160K, reserved 1245184K
  class space    used 26314K, committed 27904K, reserved 1048576K
}
Event: 404.079 GC heap after
{Heap after GC invocations=86 (full 0):
 garbage-first heap   total 401408K, used 265914K [0x0000000080000000, 0x0000000100000000)
  region size 1024K, 6 young (6144K), 6 survivors (6144K)
 Metaspace       used 209088K, committed 212160K, reserved 1245184K
  class space    used 26314K, committed 27904K, reserved 1048576K
}

